mktextfm pplr7t
mktextfm pplr7t
mktextfm pcrr7t
mktextfm pcrro7t
mktextfm nullfont
mktextfm phvr7t
mktextfm phvr7t
mktextfm phvb7t
mktextfm nullfont
mktextfm phvb7t
mktextfm nullfont
mktextfm pplr7t
mktextfm pplr7t
mktextfm pplr7t
mktextfm pplr7t
mktextfm pplb7t
mktextfm nullfont
mktextfm pplr7t
mktextfm pplb7t
mktextfm nullfont
mktextfm pplb7t
mktextfm nullfont
mktextfm pplb7t
mktextfm nullfont
mktextfm pplb7t
mktextfm nullfont
mktextfm pplri7t
mktextfm pcrr7t
mktextfm pcrr7t
mktextfm pplbi7t
mktextfm nullfont
mktextfm pplrc7t
mktextfm pplbi7t
mktextfm nullfont
mktextfm pplr7t
mktextfm pplr7t
mktextfm pcrr7t
mktextfm pcrro7t
mktextfm nullfont
mktextfm phvr7t
mktextfm phvr7t
mktextfm phvb7t
mktextfm nullfont
mktextfm phvb7t
mktextfm nullfont
mktextfm pplr7t
mktextfm pplr7t
mktextfm pplr7t
mktextfm pplr7t
mktextfm pplb7t
mktextfm nullfont
mktextfm pplr7t
mktextfm pplb7t
mktextfm nullfont
mktextfm pplb7t
mktextfm nullfont
mktextfm pplb7t
mktextfm nullfont
mktextfm pplbi7t
mktextfm nullfont
mktextfm pplri7t
mktextfm pplb7t
mktextfm nullfont
mktextfm pcrr7t
mktextfm pcrr7t
mktextfm pplbi7t
mktextfm nullfont
mktextfm pplrc7t
mktextfm pplbi7t
mktextfm nullfont
mktextfm pplr7t
mktextfm pplr7t
mktextfm pcrr7t
mktextfm pcrro7t
mktextfm nullfont
mktextfm phvr7t
mktextfm phvr7t
mktextfm phvb7t
mktextfm nullfont
mktextfm phvb7t
mktextfm nullfont
mktextfm pplr7t
mktextfm pplr7t
mktextfm pplr7t
mktextfm pplr7t
mktextfm pplb7t
mktextfm nullfont
mktextfm pplr7t
mktextfm pplb7t
mktextfm nullfont
mktextfm pplb7t
mktextfm nullfont
mktextfm pplb7t
mktextfm nullfont
mktextfm pplbi7t
mktextfm nullfont
mktextfm pplri7t
mktextfm pplb7t
mktextfm nullfont
mktextfm pcrr7t
mktextfm pcrr7t
mktextfm pplbi7t
mktextfm nullfont
mktextfm pplrc7t
mktextfm pplbi7t
mktextfm nullfont
